<?xml version="1.0" encoding="UTF-8"?>
<testng-results skipped="0" failed="0" total="2" passed="2">
  <reporter-output>
  </reporter-output>
  <suite name="Default suite" duration-ms="32410" started-at="2019-10-06T02:25:25Z" finished-at="2019-10-06T02:25:58Z">
    <groups>
      <group name="cucumber">
        <method signature="AbstractTestNGCucumberTests.runScenario(cucumber.api.testng.PickleEventWrapper, cucumber.api.testng.CucumberFeatureWrapper)[pri:0, instance:com.nttd.automation.bdd.common.TestRunner@7b98f307]" name="runScenario" class="cucumber.api.testng.AbstractTestNGCucumberTests"/>
      </group> <!-- cucumber -->
    </groups>
    <test name="Default test" duration-ms="32410" started-at="2019-10-06T02:25:25Z" finished-at="2019-10-06T02:25:58Z">
      <class name="com.nttd.automation.bdd.common.TestRunner">
        <test-method status="PASS" signature="setUpClass()[pri:0, instance:com.nttd.automation.bdd.common.TestRunner@7b98f307]" name="setUpClass" is-config="true" duration-ms="62" started-at="2019-10-06T10:25:25Z" finished-at="2019-10-06T10:25:26Z">
          <reporter-output>
          </reporter-output>
        </test-method> <!-- setUpClass -->
        <test-method status="PASS" signature="beforeTestRun()[pri:0, instance:com.nttd.automation.bdd.common.TestRunner@7b98f307]" name="beforeTestRun" is-config="true" duration-ms="455" started-at="2019-10-06T10:25:26Z" finished-at="2019-10-06T10:25:26Z">
          <reporter-output>
          </reporter-output>
        </test-method> <!-- beforeTestRun -->
        <test-method status="PASS" signature="runScenario(cucumber.api.testng.PickleEventWrapper, cucumber.api.testng.CucumberFeatureWrapper)[pri:0, instance:com.nttd.automation.bdd.common.TestRunner@7b98f307]" name="runScenario" duration-ms="15690" started-at="2019-10-06T10:25:26Z" description="Runs Cucumber Scenarios" data-provider="scenarios" finished-at="2019-10-06T10:25:42Z">
          <params>
            <param index="0">
              <value>
                <![CDATA["Find a ATM Near By"]]>
              </value>
            </param>
            <param index="1">
              <value>
                <![CDATA["OCBC Site"]]>
              </value>
            </param>
          </params>
          <reporter-output>
          </reporter-output>
        </test-method> <!-- runScenario -->
        <test-method status="PASS" signature="runScenario(cucumber.api.testng.PickleEventWrapper, cucumber.api.testng.CucumberFeatureWrapper)[pri:0, instance:com.nttd.automation.bdd.common.TestRunner@7b98f307]" name="runScenario" duration-ms="16040" started-at="2019-10-06T10:25:42Z" description="Runs Cucumber Scenarios" data-provider="scenarios" finished-at="2019-10-06T10:25:58Z">
          <params>
            <param index="0">
              <value>
                <![CDATA["Find a Branch Near Us"]]>
              </value>
            </param>
            <param index="1">
              <value>
                <![CDATA["OCBC Site"]]>
              </value>
            </param>
          </params>
          <reporter-output>
          </reporter-output>
        </test-method> <!-- runScenario -->
        <test-method status="PASS" signature="afterTestRun()[pri:0, instance:com.nttd.automation.bdd.common.TestRunner@7b98f307]" name="afterTestRun" is-config="true" duration-ms="132" started-at="2019-10-06T10:25:58Z" finished-at="2019-10-06T10:25:58Z">
          <reporter-output>
          </reporter-output>
        </test-method> <!-- afterTestRun -->
        <test-method status="PASS" signature="tearDownClass()[pri:0, instance:com.nttd.automation.bdd.common.TestRunner@7b98f307]" name="tearDownClass" is-config="true" duration-ms="2" started-at="2019-10-06T10:25:58Z" finished-at="2019-10-06T10:25:58Z">
          <reporter-output>
          </reporter-output>
        </test-method> <!-- tearDownClass -->
      </class> <!-- com.nttd.automation.bdd.common.TestRunner -->
    </test> <!-- Default test -->
  </suite> <!-- Default suite -->
</testng-results>
